2011-08-12 23:33:15,562-[TS] INFO main org.springframework.context.support.ClassPathXmlApplicationContext - Refreshing org.springframework.context.support.ClassPathXmlApplicationContext@99681b: display name [org.springframework.context.support.ClassPathXmlApplicationContext@99681b]; startup date [Fri Aug 12 23:33:15 CST 2011]; root of context hierarchy
2011-08-12 23:33:15,812-[TS] INFO main org.springframework.beans.factory.xml.XmlBeanDefinitionReader - Loading XML bean definitions from class path resource [applicationContext.xml]
2011-08-12 23:33:16,156-[TS] INFO main org.springframework.context.support.ClassPathXmlApplicationContext - Bean factory for application context [org.springframework.context.support.ClassPathXmlApplicationContext@99681b]: org.springframework.beans.factory.support.DefaultListableBeanFactory@1e2ca7
2011-08-12 23:33:16,218-[TS] INFO main org.springframework.beans.factory.support.DefaultListableBeanFactory - Pre-instantiating singletons in org.springframework.beans.factory.support.DefaultListableBeanFactory@1e2ca7: defining beans [dataSource,sqlMapClient,stockDAO]; root of factory hierarchy
2011-08-12 23:33:16,328-[TS] INFO main org.springframework.jdbc.datasource.DriverManagerDataSource - Loaded JDBC driver: com.mysql.jdbc.Driver
2011-08-12 23:33:16,750-[TS] INFO main com.baolei.ghost.app2.InitStockDB2 - start parse Fri Aug 12 23:33:16 CST 2011
2011-08-12 23:33:52,015-[TS] INFO main org.springframework.context.support.ClassPathXmlApplicationContext - Refreshing org.springframework.context.support.ClassPathXmlApplicationContext@13d28e3: display name [org.springframework.context.support.ClassPathXmlApplicationContext@13d28e3]; startup date [Fri Aug 12 23:33:52 CST 2011]; root of context hierarchy
2011-08-12 23:33:52,218-[TS] INFO main org.springframework.beans.factory.xml.XmlBeanDefinitionReader - Loading XML bean definitions from class path resource [applicationContext.xml]
2011-08-12 23:33:52,546-[TS] INFO main org.springframework.context.support.ClassPathXmlApplicationContext - Bean factory for application context [org.springframework.context.support.ClassPathXmlApplicationContext@13d28e3]: org.springframework.beans.factory.support.DefaultListableBeanFactory@1353249
2011-08-12 23:33:52,609-[TS] INFO main org.springframework.beans.factory.support.DefaultListableBeanFactory - Pre-instantiating singletons in org.springframework.beans.factory.support.DefaultListableBeanFactory@1353249: defining beans [dataSource,sqlMapClient,stockDAO]; root of factory hierarchy
2011-08-12 23:33:52,718-[TS] INFO main org.springframework.jdbc.datasource.DriverManagerDataSource - Loaded JDBC driver: com.mysql.jdbc.Driver
2011-08-12 23:33:53,312-[TS] INFO main com.baolei.ghost.app2.InitStockDB2 - start parse Fri Aug 12 23:33:53 CST 2011
2011-08-12 23:43:39,000-[TS] INFO main org.springframework.context.support.ClassPathXmlApplicationContext - Refreshing org.springframework.context.support.ClassPathXmlApplicationContext@184ec44: display name [org.springframework.context.support.ClassPathXmlApplicationContext@184ec44]; startup date [Fri Aug 12 23:43:38 CST 2011]; root of context hierarchy
2011-08-12 23:43:39,203-[TS] INFO main org.springframework.beans.factory.xml.XmlBeanDefinitionReader - Loading XML bean definitions from class path resource [applicationContext.xml]
2011-08-12 23:43:39,500-[TS] INFO main org.springframework.context.support.ClassPathXmlApplicationContext - Bean factory for application context [org.springframework.context.support.ClassPathXmlApplicationContext@184ec44]: org.springframework.beans.factory.support.DefaultListableBeanFactory@105bd58
2011-08-12 23:43:39,562-[TS] INFO main org.springframework.beans.factory.support.DefaultListableBeanFactory - Pre-instantiating singletons in org.springframework.beans.factory.support.DefaultListableBeanFactory@105bd58: defining beans [dataSource,sqlMapClient,stockDAO]; root of factory hierarchy
2011-08-12 23:43:39,671-[TS] INFO main org.springframework.jdbc.datasource.DriverManagerDataSource - Loaded JDBC driver: com.mysql.jdbc.Driver
2011-08-12 23:43:40,093-[TS] INFO main com.baolei.ghost.app2.InitStockDB2 - start parse Fri Aug 12 23:43:40 CST 2011
2011-08-12 23:46:44,250-[TS] INFO main org.springframework.context.support.ClassPathXmlApplicationContext - Refreshing org.springframework.context.support.ClassPathXmlApplicationContext@1b383e9: display name [org.springframework.context.support.ClassPathXmlApplicationContext@1b383e9]; startup date [Fri Aug 12 23:46:44 CST 2011]; root of context hierarchy
2011-08-12 23:46:44,468-[TS] INFO main org.springframework.beans.factory.xml.XmlBeanDefinitionReader - Loading XML bean definitions from class path resource [applicationContext.xml]
2011-08-12 23:46:44,906-[TS] INFO main org.springframework.context.support.ClassPathXmlApplicationContext - Bean factory for application context [org.springframework.context.support.ClassPathXmlApplicationContext@1b383e9]: org.springframework.beans.factory.support.DefaultListableBeanFactory@1e2ca7
2011-08-12 23:46:44,984-[TS] INFO main org.springframework.beans.factory.support.DefaultListableBeanFactory - Pre-instantiating singletons in org.springframework.beans.factory.support.DefaultListableBeanFactory@1e2ca7: defining beans [dataSource,sqlMapClient,stockDAO]; root of factory hierarchy
2011-08-12 23:46:45,250-[TS] INFO main org.springframework.jdbc.datasource.DriverManagerDataSource - Loaded JDBC driver: com.mysql.jdbc.Driver
2011-08-12 23:46:45,765-[TS] INFO main com.baolei.ghost.app2.InitStockDB2 - start parse Fri Aug 12 23:46:45 CST 2011
2011-08-12 23:46:50,937-[TS] INFO main com.baolei.ghost.app2.InitStockDB2 - end parse Fri Aug 12 23:46:50 CST 2011
2011-08-12 23:50:43,906-[TS] INFO main org.springframework.context.support.ClassPathXmlApplicationContext - Refreshing org.springframework.context.support.ClassPathXmlApplicationContext@1b383e9: display name [org.springframework.context.support.ClassPathXmlApplicationContext@1b383e9]; startup date [Fri Aug 12 23:50:43 CST 2011]; root of context hierarchy
2011-08-12 23:50:44,109-[TS] INFO main org.springframework.beans.factory.xml.XmlBeanDefinitionReader - Loading XML bean definitions from class path resource [applicationContext.xml]
2011-08-12 23:50:44,390-[TS] INFO main org.springframework.context.support.ClassPathXmlApplicationContext - Bean factory for application context [org.springframework.context.support.ClassPathXmlApplicationContext@1b383e9]: org.springframework.beans.factory.support.DefaultListableBeanFactory@1e2ca7
2011-08-12 23:50:44,468-[TS] INFO main org.springframework.beans.factory.support.DefaultListableBeanFactory - Pre-instantiating singletons in org.springframework.beans.factory.support.DefaultListableBeanFactory@1e2ca7: defining beans [dataSource,sqlMapClient,stockDAO]; root of factory hierarchy
2011-08-12 23:50:44,562-[TS] INFO main org.springframework.jdbc.datasource.DriverManagerDataSource - Loaded JDBC driver: com.mysql.jdbc.Driver
2011-08-12 23:50:45,031-[TS] INFO main com.baolei.ghost.app2.InitStockDB2 - start parse Fri Aug 12 23:50:45 CST 2011
2011-08-12 23:50:49,375-[TS] INFO main com.baolei.ghost.app2.InitStockDB2 - end parse Fri Aug 12 23:50:49 CST 2011
